build/app/intermediates/manifest_merge_blame_file/debug/manifest-merger-blame-debug-report.txt
1<?xml version="1.0" encoding="utf-8"?>
2<manifest xmlns:android="http://schemas.android.com/apk/res/android"
3    package="com.ontheether.blindai.blind_ai"
4    android:versionCode="1"
5    android:versionName="1.0.0" >
6
7    <uses-sdk
8        android:minSdkVersion="21"
9        android:targetSdkVersion="33" />
10    <!--
11         Flutter needs it to communicate with the running application
12         to allow setting breakpoints, to provide hot reload, etc.
13    -->
14    <uses-permission android:name="android.permission.INTERNET" />
14-->src\main\AndroidManifest.xml:9:5-66
14-->src\main\AndroidManifest.xml:9:22-64
15
16    <queries>
16-->src\main\AndroidManifest.xml:3:5-7:15
17        <intent>
17-->src\main\AndroidManifest.xml:4:9-6:18
18            <action android:name="android.intent.action.TTS_SERVICE" />
18-->src\main\AndroidManifest.xml:5:13-72
18-->src\main\AndroidManifest.xml:5:21-69
19        </intent>
20    </queries>
21
22    <uses-permission android:name="android.permission.RECORD_AUDIO" />
22-->src\main\AndroidManifest.xml:8:5-70
22-->src\main\AndroidManifest.xml:8:22-68
23    <uses-permission android:name="android.permission.BLUETOOTH" />
23-->src\main\AndroidManifest.xml:10:5-67
23-->src\main\AndroidManifest.xml:10:22-65
24    <uses-permission android:name="android.permission.BLUETOOTH_ADMIN" />
24-->src\main\AndroidManifest.xml:11:5-73
24-->src\main\AndroidManifest.xml:11:22-71
25    <uses-permission android:name="android.permission.BLUETOOTH_CONNECT" />
25-->src\main\AndroidManifest.xml:12:5-75
25-->src\main\AndroidManifest.xml:12:22-73
26
27    <queries>
27-->src\main\AndroidManifest.xml:3:5-7:15
28        <intent>
29            <action android:name="android.speech.RecognitionService" />
30        </intent>
31    </queries>
32
33    <uses-permission android:name="android.permission.CAMERA" />
33-->[:camera_android] AndroidManifest.xml:7:5-65
33-->[:camera_android] AndroidManifest.xml:7:22-62
34
35    <application
36        android:name="android.app.Application"
37        android:appComponentFactory="androidx.core.app.CoreComponentFactory"
37-->[androidx.core:core:1.8.0] AndroidManifest.xml:24:18-86
38        android:debuggable="true"
39        android:icon="@mipmap/launcher_icon"
40        android:label="blind.ai" >
41        <activity
42            android:name="com.ontheether.blindai.blind_ai.MainActivity"
43            android:configChanges="orientation|keyboardHidden|keyboard|screenSize|smallestScreenSize|locale|layoutDirection|fontScale|screenLayout|density|uiMode"
44            android:exported="true"
45            android:hardwareAccelerated="true"
46            android:launchMode="singleTop"
47            android:theme="@style/LaunchTheme"
48            android:windowSoftInputMode="adjustResize" >
49
50            <!--
51                 Specifies an Android theme to apply to this Activity as soon as
52                 the Android process has started. This theme is visible to the user
53                 while the Flutter UI initializes. After that, this theme continues
54                 to determine the Window background behind the Flutter UI.
55            -->
56            <meta-data
57                android:name="io.flutter.embedding.android.NormalTheme"
58                android:resource="@style/NormalTheme" />
59
60            <intent-filter>
61                <action android:name="android.intent.action.MAIN" />
62
63                <category android:name="android.intent.category.LAUNCHER" />
64            </intent-filter>
65        </activity>
66        <!--
67             Don't delete the meta-data below.
68             This is used by the Flutter tool to generate GeneratedPluginRegistrant.java
69        -->
70        <meta-data
71            android:name="flutterEmbedding"
72            android:value="2" />
73
74        <provider
74-->[:image_picker_android] AndroidManifest.xml:8:9-16:20
75            android:name="io.flutter.plugins.imagepicker.ImagePickerFileProvider"
75-->[:image_picker_android] AndroidManifest.xml:9:13-82
76            android:authorities="com.ontheether.blindai.blind_ai.flutter.image_provider"
76-->[:image_picker_android] AndroidManifest.xml:10:13-74
77            android:exported="false"
77-->[:image_picker_android] AndroidManifest.xml:11:13-37
78            android:grantUriPermissions="true" >
78-->[:image_picker_android] AndroidManifest.xml:12:13-47
79            <meta-data
79-->[:image_picker_android] AndroidManifest.xml:13:13-15:75
80                android:name="android.support.FILE_PROVIDER_PATHS"
80-->[:image_picker_android] AndroidManifest.xml:14:17-67
81                android:resource="@xml/flutter_image_picker_file_paths" />
81-->[:image_picker_android] AndroidManifest.xml:15:17-72
82        </provider>
83
84        <uses-library
84-->[androidx.window:window:1.0.0-beta04] AndroidManifest.xml:25:9-27:40
85            android:name="androidx.window.extensions"
85-->[androidx.window:window:1.0.0-beta04] AndroidManifest.xml:26:13-54
86            android:required="false" />
86-->[androidx.window:window:1.0.0-beta04] AndroidManifest.xml:27:13-37
87        <uses-library
87-->[androidx.window:window:1.0.0-beta04] AndroidManifest.xml:28:9-30:40
88            android:name="androidx.window.sidecar"
88-->[androidx.window:window:1.0.0-beta04] AndroidManifest.xml:29:13-51
89            android:required="false" />
89-->[androidx.window:window:1.0.0-beta04] AndroidManifest.xml:30:13-37
90    </application>
91
92</manifest>